<?xml version="1.0" encoding="UTF-8"?>
<!-- Generated by org.testng.reporters.JUnitXMLReporter -->
<testsuite ignored="0" hostname="YPR-Sudharshan" failures="0" tests="3" name="Default test" time="4.526" errors="0" timestamp="2022-11-04T01:16:12 IST">
  <testcase classname="testingWithTestNG.BeforeAfterSuitExample" name="openBing" time="1.552"/>
  <testcase classname="testingWithTestNG.BeforeAfterSuitExample" name="openGoogle" time="2.053"/>
  <testcase classname="testingWithTestNG.BeforeAfterSuitExample" name="openYahoo" time="0.86"/>
</testsuite> <!-- Default test -->
