<?xml version="1.0" encoding="UTF-8"?>
<testng-results ignored="0" total="3" passed="3" failed="0" skipped="0">
  <reporter-output>
  </reporter-output>
  <suite started-at="2022-11-04T01:16:07 IST" name="Default suite" finished-at="2022-11-04T01:16:12 IST" duration-ms="4526">
    <groups>
    </groups>
    <test started-at="2022-11-04T01:16:07 IST" name="Default test" finished-at="2022-11-04T01:16:12 IST" duration-ms="4526">
      <class name="testingWithTestNG.BeforeAfterSuitExample">
        <test-method is-config="true" signature="laucnBrowser()[pri:0, instance:testingWithTestNG.BeforeAfterSuitExample@69997e9d]" started-at="2022-11-04T01:16:06 IST" name="laucnBrowser" finished-at="2022-11-04T01:16:07 IST" duration-ms="1773" status="PASS">
          <reporter-output>
          </reporter-output>
        </test-method> <!-- laucnBrowser -->
        <test-method signature="openBing()[pri:0, instance:testingWithTestNG.BeforeAfterSuitExample@69997e9d]" started-at="2022-11-04T01:16:07 IST" name="openBing" finished-at="2022-11-04T01:16:09 IST" duration-ms="1552" status="PASS">
          <reporter-output>
          </reporter-output>
        </test-method> <!-- openBing -->
        <test-method signature="openGoogle()[pri:0, instance:testingWithTestNG.BeforeAfterSuitExample@69997e9d]" started-at="2022-11-04T01:16:09 IST" name="openGoogle" finished-at="2022-11-04T01:16:11 IST" duration-ms="2053" status="PASS">
          <reporter-output>
          </reporter-output>
        </test-method> <!-- openGoogle -->
        <test-method signature="openYahoo()[pri:0, instance:testingWithTestNG.BeforeAfterSuitExample@69997e9d]" started-at="2022-11-04T01:16:11 IST" name="openYahoo" finished-at="2022-11-04T01:16:12 IST" duration-ms="860" status="PASS">
          <reporter-output>
          </reporter-output>
        </test-method> <!-- openYahoo -->
        <test-method is-config="true" signature="closeBrowser()[pri:0, instance:testingWithTestNG.BeforeAfterSuitExample@69997e9d]" started-at="2022-11-04T01:16:12 IST" name="closeBrowser" finished-at="2022-11-04T01:16:12 IST" duration-ms="285" status="PASS">
          <reporter-output>
          </reporter-output>
        </test-method> <!-- closeBrowser -->
      </class> <!-- testingWithTestNG.BeforeAfterSuitExample -->
    </test> <!-- Default test -->
  </suite> <!-- Default suite -->
</testng-results>
